<?xml version="1.0" encoding="UTF-8"?>
<testng-results ignored="0" total="1" passed="1" failed="0" skipped="0">
  <reporter-output>
  </reporter-output>
  <suite started-at="2022-03-07T19:25:39 GMT-05:00" name="Default suite" finished-at="2022-03-07T19:25:48 GMT-05:00" duration-ms="8249">
    <groups>
    </groups>
    <test started-at="2022-03-07T19:25:39 GMT-05:00" name="Default test" finished-at="2022-03-07T19:25:48 GMT-05:00" duration-ms="8249">
      <class name="Testng.NewTest">
        <test-method signature="f()[pri:0, instance:Testng.NewTest@38c5cc4c]" started-at="2022-03-07T19:25:39 GMT-05:00" name="f" finished-at="2022-03-07T19:25:48 GMT-05:00" duration-ms="8172" status="PASS">
          <reporter-output>
          </reporter-output>
        </test-method> <!-- f -->
      </class> <!-- Testng.NewTest -->
    </test> <!-- Default test -->
  </suite> <!-- Default suite -->
</testng-results>
